Determining if the pthread_create exist failed with the following output:
Change Dir: /home/mingfeng/ros_workspace/gazebo_quadrotor/build/CMakeFiles/CMakeTmp

Run Build Command:/usr/bin/make "cmTryCompileExec2094102942/fast"
make[1]: Entering directory `/home/mingfeng/ros_workspace/gazebo_quadrotor/build/CMakeFiles/CMakeTmp'
/usr/bin/make -f CMakeFiles/cmTryCompileExec2094102942.dir/build.make CMakeFiles/cmTryCompileExec2094102942.dir/build
make[2]: Entering directory `/home/mingfeng/ros_workspace/gazebo_quadrotor/build/CMakeFiles/CMakeTmp'
/usr/bin/cmake -E cmake_progress_report /home/mingfeng/ros_workspace/gazebo_quadrotor/build/CMakeFiles/CMakeTmp/CMakeFiles 1
Building C object CMakeFiles/cmTryCompileExec2094102942.dir/CheckSymbolExists.c.o
/usr/bin/cc    -o CMakeFiles/cmTryCompileExec2094102942.dir/CheckSymbolExists.c.o   -c /home/mingfeng/ros_workspace/gazebo_quadrotor/build/CMakeFiles/CMakeTmp/CheckSymbolExists.c
Linking C executable cmTryCompileExec2094102942
/usr/bin/cmake -E cmake_link_script CMakeFiles/cmTryCompileExec2094102942.dir/link.txt --verbose=1
/usr/bin/cc         CMakeFiles/cmTryCompileExec2094102942.dir/CheckSymbolExists.c.o  -o cmTryCompileExec2094102942 -rdynamic 
CMakeFiles/cmTryCompileExec2094102942.dir/CheckSymbolExists.c.o: In function `main':
CheckSymbolExists.c:(.text+0x16): undefined reference to `pthread_create'
collect2: ld returned 1 exit status
make[2]: Leaving directory `/home/mingfeng/ros_workspace/gazebo_quadrotor/build/CMakeFiles/CMakeTmp'
make[2]: *** [cmTryCompileExec2094102942] Error 1
make[1]: Leaving directory `/home/mingfeng/ros_workspace/gazebo_quadrotor/build/CMakeFiles/CMakeTmp'
make[1]: *** [cmTryCompileExec2094102942/fast] Error 2

File /home/mingfeng/ros_workspace/gazebo_quadrotor/build/CMakeFiles/CMakeTmp/CheckSymbolExists.c:
/* */
#include <pthread.h>

int main(int argc, char** argv)
{
  (void)argv;
#ifndef pthread_create
  return ((int*)(&pthread_create))[argc];
#else
  (void)argc;
  return 0;
#endif
}

Determining if the function pthread_create exists in the pthreads failed with the following output:
Change Dir: /home/mingfeng/ros_workspace/gazebo_quadrotor/build/CMakeFiles/CMakeTmp

Run Build Command:/usr/bin/make "cmTryCompileExec3470260838/fast"
make[1]: Entering directory `/home/mingfeng/ros_workspace/gazebo_quadrotor/build/CMakeFiles/CMakeTmp'
/usr/bin/make -f CMakeFiles/cmTryCompileExec3470260838.dir/build.make CMakeFiles/cmTryCompileExec3470260838.dir/build
make[2]: Entering directory `/home/mingfeng/ros_workspace/gazebo_quadrotor/build/CMakeFiles/CMakeTmp'
/usr/bin/cmake -E cmake_progress_report /home/mingfeng/ros_workspace/gazebo_quadrotor/build/CMakeFiles/CMakeTmp/CMakeFiles 1
Building C object CMakeFiles/cmTryCompileExec3470260838.dir/CheckFunctionExists.c.o
/usr/bin/cc   -DCHECK_FUNCTION_EXISTS=pthread_create   -o CMakeFiles/cmTryCompileExec3470260838.dir/CheckFunctionExists.c.o   -c /usr/share/cmake-2.8/Modules/CheckFunctionExists.c
Linking C executable cmTryCompileExec3470260838
/usr/bin/cmake -E cmake_link_script CMakeFiles/cmTryCompileExec3470260838.dir/link.txt --verbose=1
/usr/bin/cc     -DCHECK_FUNCTION_EXISTS=pthread_create    CMakeFiles/cmTryCompileExec3470260838.dir/CheckFunctionExists.c.o  -o cmTryCompileExec3470260838 -rdynamic -lpthreads 
/usr/bin/ld: cannot find -lpthreads
collect2: ld returned 1 exit status
make[2]: *** [cmTryCompileExec3470260838] Error 1
make[2]: Leaving directory `/home/mingfeng/ros_workspace/gazebo_quadrotor/build/CMakeFiles/CMakeTmp'
make[1]: *** [cmTryCompileExec3470260838/fast] Error 2
make[1]: Leaving directory `/home/mingfeng/ros_workspace/gazebo_quadrotor/build/CMakeFiles/CMakeTmp'


